1521001649566	geckodriver	INFO	geckodriver 0.19.1
1521001649668	geckodriver	INFO	Listening on 127.0.0.1:55818
Invalid connection: com.apple.coresymbolicationd
1521001656685	mozrunner::runner	INFO	Running command: "/Applications/Firefox.app/Contents/MacOS/firefox-bin" "-marionette" "-profile" "/var/folders/k5/0d31hs6j6hl48p3kbcp1b_jm0000gn/T/rust_mozprofile.Fm8CaSxEgxGo"
1521001662168	Marionette	INFO	Enabled via --marionette
2018-03-13 21:27:58.988 plugin-container[1626:36915] *** CFMessagePort: bootstrap_register(): failed 1100 (0x44c) 'Permission denied', port = 0x9e3b, name = 'com.apple.tsm.portname'
See /usr/include/servers/bootstrap_defs.h for the error codes.
2018-03-13 21:28:04.772 plugin-container[1628:37026] *** CFMessagePort: bootstrap_register(): failed 1100 (0x44c) 'Permission denied', port = 0x9b37, name = 'com.apple.tsm.portname'
See /usr/include/servers/bootstrap_defs.h for the error codes.
1521001689443	Marionette	INFO	Listening on port 55827
1521001761956	Marionette	WARN	TLS certificate errors will be ignored for this session
1521002375192	geckodriver	INFO	geckodriver 0.19.1
1521002375280	geckodriver	INFO	Listening on 127.0.0.1:56452
1521002376220	mozrunner::runner	INFO	Running command: "/Applications/Firefox.app/Contents/MacOS/firefox-bin" "-marionette" "-profile" "/var/folders/k5/0d31hs6j6hl48p3kbcp1b_jm0000gn/T/rust_mozprofile.y076YaSD1jQa"
1521002377934	Marionette	INFO	Enabled via --marionette
2018-03-13 21:39:40.169 plugin-container[1729:40852] *** CFMessagePort: bootstrap_register(): failed 1100 (0x44c) 'Permission denied', port = 0xa137, name = 'com.apple.tsm.portname'
See /usr/include/servers/bootstrap_defs.h for the error codes.
2018-03-13 21:39:41.877 plugin-container[1730:40917] *** CFMessagePort: bootstrap_register(): failed 1100 (0x44c) 'Permission denied', port = 0x9c37, name = 'com.apple.tsm.portname'
See /usr/include/servers/bootstrap_defs.h for the error codes.
1521002383362	Marionette	INFO	Listening on port 56461
1521002383368	Marionette	WARN	TLS certificate errors will be ignored for this session
2018-03-13 21:40:54.300 firefox-bin[1622:40737] kCFURLVolumeIsAutomountedKey missing for file:///private/var/folders/zz/zyxvpxvq6csfxvn_n0000000000000/T/FPInstallMountPoint/: Error Domain=NSCocoaErrorDomain Code=257 "The file “FPInstallMountPoint” couldn’t be opened because you don’t have permission to view it." UserInfo={NSURL=file:///private/var/folders/zz/zyxvpxvq6csfxvn_n0000000000000/T/FPInstallMountPoint/, NSFilePath=/private/var/folders/zz/zyxvpxvq6csfxvn_n0000000000000/T/FPInstallMountPoint, NSUnderlyingError=0x10cf76d60 {Error Domain=NSPOSIXErrorDomain Code=13 "Permission denied"}}
2018-03-13 21:40:54.305 firefox-bin[1727:40823] kCFURLVolumeIsAutomountedKey missing for file:///private/var/folders/zz/zyxvpxvq6csfxvn_n0000000000000/T/FPInstallMountPoint/: Error Domain=NSCocoaErrorDomain Code=257 "The file “FPInstallMountPoint” couldn’t be opened because you don’t have permission to view it." UserInfo={NSURL=file:///private/var/folders/zz/zyxvpxvq6csfxvn_n0000000000000/T/FPInstallMountPoint/, NSFilePath=/private/var/folders/zz/zyxvpxvq6csfxvn_n0000000000000/T/FPInstallMountPoint, NSUnderlyingError=0x11bca82b0 {Error Domain=NSPOSIXErrorDomain Code=13 "Permission denied"}}
1521002519782	geckodriver	INFO	geckodriver 0.19.1
1521002520175	geckodriver	INFO	Listening on 127.0.0.1:56647
1521002525969	mozrunner::runner	INFO	Running command: "/Applications/Firefox.app/Contents/MacOS/firefox-bin" "-marionette" "-profile" "/var/folders/k5/0d31hs6j6hl48p3kbcp1b_jm0000gn/T/rust_mozprofile.jxmLSfqYo9WZ"
1521002546516	Marionette	INFO	Enabled via --marionette
2018-03-13 21:43:18.666 plugin-container[1817:43068] *** CFMessagePort: bootstrap_register(): failed 1100 (0x44c) 'Permission denied', port = 0xa137, name = 'com.apple.tsm.portname'
See /usr/include/servers/bootstrap_defs.h for the error codes.
2018-03-13 21:43:21.700 plugin-container[1827:43660] *** CFMessagePort: bootstrap_register(): failed 1100 (0x44c) 'Permission denied', port = 0x9d33, name = 'com.apple.tsm.portname'
See /usr/include/servers/bootstrap_defs.h for the error codes.
1521002602281	Marionette	INFO	Listening on port 56658
1521002618828	geckodriver	INFO	geckodriver 0.19.1
1521002620057	geckodriver	INFO	Listening on 127.0.0.1:57884
WARNING: At least one completion condition is taking too long to complete. Conditions: [{"name":"CrashMonitor: Writing notifications to file after receiving profile-before-change","state":"(none)","filename":"resource://gre/modules/CrashMonitor.jsm","lineNumber":172,"stack":["resource://gre/modules/CrashMonitor.jsm:init:172","jar:file:///Applications/Firefox.app/Contents/Resources/omni.ja!/components/nsCrashMonitor.js:observe:24"]}] Barrier: OS.File: Waiting for clients before profileBeforeChange
WARNING: At least one completion condition is taking too long to complete. Conditions: [{"name":"OS.File: flush I/O queued before profileBeforeChange","state":{"launched":true,"shutdown":false,"worker":true,"pendingReset":false,"latestSent":["Tue Mar 13 2018 21:43:41 GMT-0700 (PDT)","remove"],"latestReceived":["Tue Mar 13 2018 21:43:41 GMT-0700 (PDT)",null],"messagesSent":534,"messagesReceived":534,"messagesQueued":534,"DEBUG":false,"clients":[{"name":"CrashMonitor: Writing notifications to file after receiving profile-before-change","state":"(none)","filename":"resource://gre/modules/CrashMonitor.jsm","lineNumber":172,"stack":["resource://gre/modules/CrashMonitor.jsm:init:172","jar:file:///Applications/Firefox.app/Contents/Resources/omni.ja!/components/nsCrashMonitor.js:observe:24"]}]},"filename":"resource://gre/modules/osfile/osfile_async_front.jsm","lineNumber":1472,"stack":["resource://gre/modules/osfile/osfile_async_front.jsm:setupShutdown:1472","resource://gre/modules/osfile/osfile_async_front.jsm:null:1492","resource://gre/modules/osfile.jsm:null:11","resource://gre/modules/addons/GMPProvider.jsm:null:17","resource://gre/modules/AddonManager.jsm:startup:878","resource://gre/modules/AddonManager.jsm:startup:3089","jar:file:///Applications/Firefox.app/Contents/Resources/omni.ja!/components/addonManager.js:observe:65"]},{"name":"Places Connection shutdown","state":{"progress":{}},"filename":"/builds/worker/workspace/build/src/toolkit/components/places/Database.cpp","lineNumber":519,"stack":["jar:file:///Applications/Firefox.app/Contents/Resources/omni.ja!/components/nsAsyncShutdown.js:addBlocker:159","resource://gre/modules/XPCOMUtils.jsm:XPCU_serviceLambda:266","resource://gre/modules/XPCOMUtils.jsm:get:199","resource://gre/modules/PlacesUtils.jsm:get:1971","resource://gre/modules/PlacesUtils.jsm:get toolbarFolderId:1216","jar:file:///Applications/Firefox.app/Contents/Resources/browser/omni.ja!/components/nsBrowserGlue.js:getToolbarFolderCount:1763","jar:file:///Applications/Firefox.app/Contents/Resources/browser/omni.ja!/components/nsBrowserGlue.js:_maybeToggleBookmarkToolbarVisibility:1769","jar:file:///Applications/Firefox.app/Contents/Resources/browser/omni.ja!/components/nsBrowserGlue.js:BG__migrateUI:1791","jar:file:///Applications/Firefox.app/Contents/Resources/browser/omni.ja!/components/nsBrowserGlue.js:BG__beforeUIStartup:639","jar:file:///Applications/Firefox.app/Contents/Resources/browser/omni.ja!/components/nsBrowserGlue.js:BG_observe:338"]}] Barrier: profile-before-change
1521002624308	mozrunner::runner	INFO	Running command: "/Applications/Firefox.app/Contents/MacOS/firefox-bin" "-marionette" "-profile" "/var/folders/k5/0d31hs6j6hl48p3kbcp1b_jm0000gn/T/rust_mozprofile.EtoYU6cURBBQ"
1521002650906	Marionette	INFO	Enabled via --marionette
2018-03-13 21:44:39.988 plugin-container[1855:44573] *** CFMessagePort: bootstrap_register(): failed 1100 (0x44c) 'Permission denied', port = 0x9f37, name = 'com.apple.tsm.portname'
See /usr/include/servers/bootstrap_defs.h for the error codes.
2018-03-13 21:44:46.271 plugin-container[1857:44713] *** CFMessagePort: bootstrap_register(): failed 1100 (0x44c) 'Permission denied', port = 0x9a37, name = 'com.apple.tsm.portname'
See /usr/include/servers/bootstrap_defs.h for the error codes.
1521002686426	Marionette	INFO	Listening on port 57903
1521002686445	Marionette	WARN	TLS certificate errors will be ignored for this session
1521003649050	geckodriver	INFO	geckodriver 0.19.1
1521003649133	geckodriver	INFO	Listening on 127.0.0.1:59583
1521003649813	mozrunner::runner	INFO	Running command: "/Applications/Firefox.app/Contents/MacOS/firefox-bin" "-marionette" "-profile" "/var/folders/k5/0d31hs6j6hl48p3kbcp1b_jm0000gn/T/rust_mozprofile.8COBi3fVNyh2"
1521003651597	Marionette	INFO	Enabled via --marionette
2018-03-13 22:00:54.231 plugin-container[2049:52162] *** CFMessagePort: bootstrap_register(): failed 1100 (0x44c) 'Permission denied', port = 0xa137, name = 'com.apple.tsm.portname'
See /usr/include/servers/bootstrap_defs.h for the error codes.
2018-03-13 22:00:55.658 plugin-container[2050:52221] *** CFMessagePort: bootstrap_register(): failed 1100 (0x44c) 'Permission denied', port = 0x9c2f, name = 'com.apple.tsm.portname'
See /usr/include/servers/bootstrap_defs.h for the error codes.
1521003657199	Marionette	INFO	Listening on port 59592
1521003657249	Marionette	WARN	TLS certificate errors will be ignored for this session
1521003783045	geckodriver	INFO	geckodriver 0.19.1
1521003783131	geckodriver	INFO	Listening on 127.0.0.1:60138
1521003783953	mozrunner::runner	INFO	Running command: "/Applications/Firefox.app/Contents/MacOS/firefox-bin" "-marionette" "-profile" "/var/folders/k5/0d31hs6j6hl48p3kbcp1b_jm0000gn/T/rust_mozprofile.mbrx8ZS73UAS"
1521003785663	Marionette	INFO	Enabled via --marionette
2018-03-13 22:03:09.421 plugin-container[2118:53398] *** CFMessagePort: bootstrap_register(): failed 1100 (0x44c) 'Permission denied', port = 0xa037, name = 'com.apple.tsm.portname'
See /usr/include/servers/bootstrap_defs.h for the error codes.
2018-03-13 22:03:11.932 plugin-container[2119:53457] *** CFMessagePort: bootstrap_register(): failed 1100 (0x44c) 'Permission denied', port = 0x9e2f, name = 'com.apple.tsm.portname'
See /usr/include/servers/bootstrap_defs.h for the error codes.
1521003792255	Marionette	INFO	Listening on port 60147
1521003792311	Marionette	WARN	TLS certificate errors will be ignored for this session
1521003882341	geckodriver	INFO	geckodriver 0.19.1
1521003882556	geckodriver	INFO	Listening on 127.0.0.1:60399
1521003883317	mozrunner::runner	INFO	Running command: "/Applications/Firefox.app/Contents/MacOS/firefox-bin" "-marionette" "-profile" "/var/folders/k5/0d31hs6j6hl48p3kbcp1b_jm0000gn/T/rust_mozprofile.n9cTQBpkZD1N"
1521003885134	Marionette	INFO	Enabled via --marionette
2018-03-13 22:04:49.790 plugin-container[2132:54325] *** CFMessagePort: bootstrap_register(): failed 1100 (0x44c) 'Permission denied', port = 0x9c37, name = 'com.apple.tsm.portname'
See /usr/include/servers/bootstrap_defs.h for the error codes.
2018-03-13 22:04:53.149 plugin-container[2133:54395] *** CFMessagePort: bootstrap_register(): failed 1100 (0x44c) 'Permission denied', port = 0x9b37, name = 'com.apple.tsm.portname'
See /usr/include/servers/bootstrap_defs.h for the error codes.
1521003893778	Marionette	INFO	Listening on port 60408
1521003893814	Marionette	WARN	TLS certificate errors will be ignored for this session
1521003944337	geckodriver	INFO	geckodriver 0.19.1
1521003944580	geckodriver	INFO	Listening on 127.0.0.1:60686
1521003945263	mozrunner::runner	INFO	Running command: "/Applications/Firefox.app/Contents/MacOS/firefox-bin" "-marionette" "-profile" "/var/folders/k5/0d31hs6j6hl48p3kbcp1b_jm0000gn/T/rust_mozprofile.s1u4T8c8EWuH"
1521003948152	Marionette	INFO	Enabled via --marionette
2018-03-13 22:05:50.830 plugin-container[2142:55045] *** CFMessagePort: bootstrap_register(): failed 1100 (0x44c) 'Permission denied', port = 0xa137, name = 'com.apple.tsm.portname'
See /usr/include/servers/bootstrap_defs.h for the error codes.
2018-03-13 22:05:52.718 plugin-container[2143:55110] *** CFMessagePort: bootstrap_register(): failed 1100 (0x44c) 'Permission denied', port = 0x9a37, name = 'com.apple.tsm.portname'
See /usr/include/servers/bootstrap_defs.h for the error codes.
1521003952941	Marionette	INFO	Listening on port 60695
1521003955653	Marionette	WARN	TLS certificate errors will be ignored for this session
1521004014595	geckodriver	INFO	geckodriver 0.19.1
1521004014684	geckodriver	INFO	Listening on 127.0.0.1:60915
1521004015476	mozrunner::runner	INFO	Running command: "/Applications/Firefox.app/Contents/MacOS/firefox-bin" "-marionette" "-profile" "/var/folders/k5/0d31hs6j6hl48p3kbcp1b_jm0000gn/T/rust_mozprofile.bSMq5tZAqSwa"
1521004017356	Marionette	INFO	Enabled via --marionette
2018-03-13 22:07:00.274 plugin-container[2164:55791] *** CFMessagePort: bootstrap_register(): failed 1100 (0x44c) 'Permission denied', port = 0xa137, name = 'com.apple.tsm.portname'
See /usr/include/servers/bootstrap_defs.h for the error codes.
2018-03-13 22:07:01.935 plugin-container[2166:55861] *** CFMessagePort: bootstrap_register(): failed 1100 (0x44c) 'Permission denied', port = 0x9c37, name = 'com.apple.tsm.portname'
See /usr/include/servers/bootstrap_defs.h for the error codes.
1521004023442	Marionette	INFO	Listening on port 60924
1521004023527	Marionette	WARN	TLS certificate errors will be ignored for this session
1521004103389	geckodriver	INFO	geckodriver 0.19.1
1521004103674	geckodriver	INFO	Listening on 127.0.0.1:61177
1521004106137	mozrunner::runner	INFO	Running command: "/Applications/Firefox.app/Contents/MacOS/firefox-bin" "-marionette" "-profile" "/var/folders/k5/0d31hs6j6hl48p3kbcp1b_jm0000gn/T/rust_mozprofile.jYjNg19xaLMZ"
1521004109336	Marionette	INFO	Enabled via --marionette
2018-03-13 22:08:35.669 plugin-container[2199:57130] *** CFMessagePort: bootstrap_register(): failed 1100 (0x44c) 'Permission denied', port = 0x9f37, name = 'com.apple.tsm.portname'
See /usr/include/servers/bootstrap_defs.h for the error codes.
2018-03-13 22:08:42.240 plugin-container[2204:57294] *** CFMessagePort: bootstrap_register(): failed 1100 (0x44c) 'Permission denied', port = 0x9c37, name = 'com.apple.tsm.portname'
See /usr/include/servers/bootstrap_defs.h for the error codes.
1521004122454	Marionette	INFO	Listening on port 61190
1521004122548	Marionette	WARN	TLS certificate errors will be ignored for this session
